<?xml version="1.0" encoding="UTF-8"?>
<!-- Generated by org.testng.reporters.JUnitReportReporter -->
<testsuite skipped="0" hostname="DESKTOP-MJI0P0T" name="TestNG.TimeStamp" tests="1" failures="0" timestamp="29 Jul 2017 19:15:32 GMT" time="0.015" errors="0">
  <testcase name="f" time="0.015" classname="TestNG.TimeStamp"/>
</testsuite> <!-- TestNG.TimeStamp -->
