<?xml version="1.0" encoding="UTF-8"?>
<!-- Generated by org.testng.reporters.JUnitReportReporter -->
<testsuite skipped="2" hostname="DESKTOP-MJI0P0T" name="TestNG.Inheritance_Downloads" tests="2" failures="0" timestamp="24 Jul 2017 19:43:28 GMT" time="0.000" errors="0">
  <testcase name="verifyDownloads" time="0.000" classname="TestNG.Inheritance_Downloads">
    <skipped/>
  </testcase> <!-- verifyDownloads -->
  <testcase name="f" time="0.000" classname="TestNG.Inheritance_Downloads">
    <skipped/>
  </testcase> <!-- f -->
</testsuite> <!-- TestNG.Inheritance_Downloads -->
