<?xml version="1.0" encoding="UTF-8"?>
<!-- Generated by org.testng.reporters.JUnitReportReporter -->
<testsuite skipped="0" hostname="DESKTOP-MJI0P0T" name="Basics.CorejavaProgram" tests="1" failures="0" timestamp="25 Jul 2017 18:27:51 GMT" time="0.012" errors="0">
  <testcase name="reverseString" time="0.012" classname="Basics.CorejavaProgram"/>
</testsuite> <!-- Basics.CorejavaProgram -->
