<?xml version="1.0" encoding="UTF-8"?>
<!-- Generated by org.testng.reporters.JUnitReportReporter -->
<testsuite skipped="0" hostname="DESKTOP-MJI0P0T" name="Testreports.Triangle" tests="1" failures="0" timestamp="27 Jan 2018 17:05:32 GMT" time="0.020" errors="0">
  <testcase name="f" time="0.020" classname="Testreports.Triangle"/>
</testsuite> <!-- Testreports.Triangle -->
