<?xml version="1.0" encoding="UTF-8"?>
<!-- Generated by org.testng.reporters.JUnitReportReporter -->
<testsuite skipped="0" hostname="DESKTOP-MJI0P0T" name="HMS_validate.Validation_Commands" tests="1" failures="0" timestamp="14 Aug 2017 06:55:23 GMT" time="0.163" errors="0">
  <testcase name="f" time="0.163" classname="HMS_validate.Validation_Commands"/>
</testsuite> <!-- HMS_validate.Validation_Commands -->
