<?xml version="1.0" encoding="UTF-8"?>
<!-- Generated by org.testng.reporters.JUnitReportReporter -->
<testsuite skipped="3" hostname="DESKTOP-MJI0P0T" name="TestNGnew.HMS_PR" tests="3" failures="0" timestamp="24 Jul 2017 19:43:28 GMT" time="0.000" errors="0">
  <testcase name="averifyLogin" time="0.000" classname="TestNGnew.HMS_PR">
    <skipped/>
  </testcase> <!-- averifyLogin -->
  <testcase name="bnavigateTo_PR" time="0.000" classname="TestNGnew.HMS_PR">
    <skipped/>
  </testcase> <!-- bnavigateTo_PR -->
  <testcase name="createPatient" time="0.000" classname="TestNGnew.HMS_PR">
    <skipped/>
  </testcase> <!-- createPatient -->
</testsuite> <!-- TestNGnew.HMS_PR -->
