<?xml version="1.0" encoding="UTF-8"?>
<!-- Generated by org.testng.reporters.JUnitReportReporter -->
<testsuite skipped="0" hostname="DESKTOP-MJI0P0T" name="forloop.Split_Method" tests="1" failures="0" timestamp="26 Jul 2017 19:31:04 GMT" time="1.005" errors="0">
  <testcase name="array" time="1.005" classname="forloop.Split_Method"/>
</testsuite> <!-- forloop.Split_Method -->
