<?xml version="1.0" encoding="UTF-8"?>
<!-- Generated by org.testng.reporters.JUnitReportReporter -->
<testsuite skipped="0" hostname="DESKTOP-MJI0P0T" name="Basics.Get_Title" tests="1" failures="0" timestamp="16 Aug 2017 17:17:13 GMT" time="4.399" errors="0">
  <testcase name="f" time="4.399" classname="Basics.Get_Title"/>
</testsuite> <!-- Basics.Get_Title -->
