<?xml version="1.0" encoding="UTF-8"?>
<!-- Generated by org.testng.reporters.JUnitReportReporter -->
<testsuite skipped="0" hostname="DESKTOP-MJI0P0T" name="Hms_Test.NewTest" tests="1" failures="0" timestamp="28 Jul 2017 07:10:26 GMT" time="0.254" errors="0">
  <testcase name="f" time="0.254" classname="Hms_Test.NewTest"/>
</testsuite> <!-- Hms_Test.NewTest -->
