<?xml version="1.0" encoding="UTF-8"?>
<!-- Generated by org.testng.reporters.JUnitReportReporter -->
<testsuite skipped="0" hostname="DESKTOP-MJI0P0T" name="Hms_Test.PrintTxtBxs_Bts_HMS" tests="1" failures="0" timestamp="28 Jul 2017 20:21:06 GMT" time="0.481" errors="0">
  <testcase name="f" time="0.481" classname="Hms_Test.PrintTxtBxs_Bts_HMS"/>
</testsuite> <!-- Hms_Test.PrintTxtBxs_Bts_HMS -->
