<?xml version="1.0" encoding="UTF-8"?>
<!-- Generated by org.testng.reporters.JUnitReportReporter -->
<testsuite skipped="0" hostname="DESKTOP-MJI0P0T" name="basic_practice.Hms_1" tests="1" failures="0" timestamp="25 Apr 2018 07:42:21 GMT" time="7.261" errors="0">
  <testcase name="f" time="7.261" classname="basic_practice.Hms_1"/>
</testsuite> <!-- basic_practice.Hms_1 -->
