<?xml version="1.0" encoding="UTF-8"?>
<!-- Generated by org.testng.reporters.JUnitReportReporter -->
<testsuite skipped="0" hostname="DESKTOP-MJI0P0T" name="TestNG.CaptureScreenShort" tests="1" failures="0" timestamp="26 Jan 2018 21:23:18 GMT" time="7.951" errors="0">
  <testcase name="f" time="7.951" classname="TestNG.CaptureScreenShort"/>
</testsuite> <!-- TestNG.CaptureScreenShort -->
