<?xml version="1.0" encoding="UTF-8"?>
<!-- Generated by org.testng.reporters.JUnitReportReporter -->
<testsuite skipped="0" hostname="DESKTOP-MJI0P0T" name="com.filecreation.Textfile_Creation" tests="1" failures="0" timestamp="27 Jan 2018 17:40:32 GMT" time="0.016" errors="0">
  <testcase name="f" time="0.016" classname="com.filecreation.Textfile_Creation"/>
</testsuite> <!-- com.filecreation.Textfile_Creation -->
