<?xml version="1.0" encoding="UTF-8"?>
<!-- Generated by org.testng.reporters.JUnitReportReporter -->
<testsuite skipped="0" hostname="DESKTOP-MJI0P0T" name="mousehover.Mouse" tests="1" failures="0" timestamp="05 Jun 2018 06:48:21 GMT" time="15.749" errors="0">
  <testcase name="f" time="15.749" classname="mousehover.Mouse"/>
</testsuite> <!-- mousehover.Mouse -->
