<?xml version="1.0" encoding="UTF-8"?>
<!-- Generated by org.testng.reporters.JUnitReportReporter -->
<testsuite skipped="0" hostname="DESKTOP-MJI0P0T" name="test_Spicejet.Print_RB_Chkbxs_Locators" tests="1" failures="0" timestamp="28 Jul 2017 13:51:02 GMT" time="25.995" errors="0">
  <testcase name="f" time="25.995" classname="test_Spicejet.Print_RB_Chkbxs_Locators"/>
</testsuite> <!-- test_Spicejet.Print_RB_Chkbxs_Locators -->
