<?xml version="1.0" encoding="UTF-8"?>
<!-- Generated by org.testng.reporters.JUnitReportReporter -->
<testsuite skipped="0" hostname="DESKTOP-MJI0P0T" name="test_Spicejet.PrintAllLinks" tests="1" failures="0" timestamp="28 Jul 2017 06:00:12 GMT" time="0.131" errors="0">
  <testcase name="f" time="0.131" classname="test_Spicejet.PrintAllLinks"/>
</testsuite> <!-- test_Spicejet.PrintAllLinks -->
