<?xml version="1.0" encoding="UTF-8"?>
<!-- Generated by org.testng.reporters.JUnitReportReporter -->
<testsuite skipped="0" hostname="DESKTOP-MJI0P0T" name="Spicejet.Actions_Wd" tests="1" failures="0" timestamp="08 Aug 2017 16:51:10 GMT" time="85.003" errors="0">
  <testcase name="f" time="85.003" classname="Spicejet.Actions_Wd"/>
</testsuite> <!-- Spicejet.Actions_Wd -->
