<?xml version="1.0" encoding="UTF-8"?>
<!-- Generated by org.testng.reporters.JUnitReportReporter -->
<testsuite skipped="0" hostname="DESKTOP-MJI0P0T" name="Exception_Handling.Selenium4_Links" tests="1" failures="0" timestamp="29 Jul 2017 21:06:26 GMT" time="20.385" errors="0">
  <testcase name="f" time="20.385" classname="Exception_Handling.Selenium4_Links"/>
</testsuite> <!-- Exception_Handling.Selenium4_Links -->
