<?xml version="1.0" encoding="UTF-8"?>
<!-- Generated by org.testng.reporters.JUnitReportReporter -->
<testsuite skipped="0" hostname="DESKTOP-MJI0P0T" name="Ajaxcontrol_Test.Google_Search" tests="1" failures="0" timestamp="27 Sep 2017 12:04:10 GMT" time="2.340" errors="0">
  <testcase name="f" time="2.340" classname="Ajaxcontrol_Test.Google_Search"/>
</testsuite> <!-- Ajaxcontrol_Test.Google_Search -->
