<?xml version="1.0" encoding="UTF-8"?>
<!-- Generated by org.testng.reporters.JUnitReportReporter -->
<testsuite skipped="0" hostname="DESKTOP-MJI0P0T" name="HMS_Webtable.PR_PrintLinks" tests="1" failures="0" timestamp="27 Sep 2017 17:32:31 GMT" time="0.835" errors="0">
  <testcase name="Print_Links" time="0.835" classname="HMS_Webtable.PR_PrintLinks"/>
</testsuite> <!-- HMS_Webtable.PR_PrintLinks -->
