<?xml version="1.0" encoding="UTF-8"?>
<!-- Generated by org.testng.reporters.JUnitReportReporter -->
<testsuite skipped="0" hostname="DESKTOP-MJI0P0T" name="Testreports.HTML_Report" tests="2" failures="0" timestamp="27 Jan 2018 17:01:04 GMT" time="0.078" errors="0">
  <testcase name="createTXT" time="0.016" classname="Testreports.HTML_Report"/>
  <testcase name="createHTML" time="0.062" classname="Testreports.HTML_Report"/>
</testsuite> <!-- Testreports.HTML_Report -->
