<?xml version="1.0" encoding="UTF-8"?>
<!-- Generated by org.testng.reporters.JUnitReportReporter -->
<testsuite skipped="0" hostname="DESKTOP-MJI0P0T" name="test_Spicejet.Print_Rb_Cbx_Loc" tests="1" failures="0" timestamp="28 Jul 2017 13:42:13 GMT" time="1.424" errors="0">
  <testcase name="f" time="1.424" classname="test_Spicejet.Print_Rb_Cbx_Loc"/>
</testsuite> <!-- test_Spicejet.Print_Rb_Cbx_Loc -->
