<?xml version="1.0" encoding="UTF-8"?>
<!-- Generated by org.testng.reporters.JUnitReportReporter -->
<testsuite skipped="0" hostname="DESKTOP-MJI0P0T" name="banking.NewTest" tests="1" failures="0" timestamp="21 Nov 2017 20:32:53 GMT" time="2.487" errors="0">
  <testcase name="f" time="2.487" classname="banking.NewTest"/>
</testsuite> <!-- banking.NewTest -->
