<?xml version="1.0" encoding="UTF-8"?>
<!-- Generated by org.testng.reporters.JUnitReportReporter -->
<testsuite skipped="0" hostname="DESKTOP-MJI0P0T" name="test_Spicejet.NewTest" tests="1" failures="0" timestamp="26 Jul 2017 18:19:05 GMT" time="4.115" errors="0">
  <testcase name="f" time="4.115" classname="test_Spicejet.NewTest"/>
</testsuite> <!-- test_Spicejet.NewTest -->
