<?xml version="1.0" encoding="UTF-8"?>
<!-- Generated by org.testng.reporters.JUnitReportReporter -->
<testsuite skipped="0" hostname="DESKTOP-MJI0P0T" name="googleInformation.InformationCommands" tests="1" failures="0" timestamp="25 Jul 2017 18:20:50 GMT" time="0.412" errors="0">
  <testcase name="f" time="0.412" classname="googleInformation.InformationCommands"/>
</testsuite> <!-- googleInformation.InformationCommands -->
