<?xml version="1.0" encoding="UTF-8"?>
<!-- Generated by org.testng.reporters.JUnitReportReporter -->
<testsuite skipped="0" hostname="DESKTOP-MJI0P0T" name="smoketest.VerifyTitle" tests="1" failures="0" timestamp="24 Apr 2018 18:29:40 GMT" time="65.752" errors="0">
  <testcase name="verifyBlogTitle" time="65.752" classname="smoketest.VerifyTitle"/>
</testsuite> <!-- smoketest.VerifyTitle -->
