<?xml version="1.0" encoding="UTF-8"?>
<!-- Generated by org.testng.reporters.JUnitReportReporter -->
<testsuite skipped="0" hostname="DESKTOP-MJI0P0T" name="Hms_Test.HMS_Drop_Downs" tests="1" failures="0" timestamp="28 Jul 2017 13:54:31 GMT" time="0.259" errors="0">
  <testcase name="f" time="0.259" classname="Hms_Test.HMS_Drop_Downs"/>
</testsuite> <!-- Hms_Test.HMS_Drop_Downs -->
