<?xml version="1.0" encoding="UTF-8"?>
<!-- Generated by org.testng.reporters.JUnitReportReporter -->
<testsuite skipped="0" hostname="DESKTOP-MJI0P0T" name="TestNG.Google" tests="1" failures="0" timestamp="01 Oct 2018 10:20:33 GMT" time="69.583" errors="0">
  <testcase name="f" time="69.583" classname="TestNG.Google"/>
</testsuite> <!-- TestNG.Google -->
