<?xml version="1.0" encoding="UTF-8"?>
<!-- Generated by org.testng.reporters.JUnitReportReporter -->
<testsuite skipped="0" hostname="DESKTOP-MJI0P0T" name="Spicejet_Test.Webtable" tests="1" failures="0" timestamp="27 Sep 2017 11:47:46 GMT" time="1.880" errors="0">
  <testcase name="f" time="1.880" classname="Spicejet_Test.Webtable"/>
</testsuite> <!-- Spicejet_Test.Webtable -->
