<?xml version="1.0" encoding="UTF-8"?>
<!-- Generated by org.testng.reporters.JUnitReportReporter -->
<testsuite skipped="0" hostname="DESKTOP-MJI0P0T" name="test_Spicejet.Webtable_Spicejet" tests="1" failures="0" timestamp="26 Jul 2017 18:48:14 GMT" time="1.012" errors="0">
  <testcase name="f" time="1.012" classname="test_Spicejet.Webtable_Spicejet"/>
</testsuite> <!-- test_Spicejet.Webtable_Spicejet -->
