<?xml version="1.0" encoding="UTF-8"?>
<!-- Generated by org.testng.reporters.JUnitReportReporter -->
<testsuite skipped="0" hostname="DESKTOP-MJI0P0T" name="HMS_Webtable.Print_All_Links" tests="1" failures="0" timestamp="27 Sep 2017 17:22:54 GMT" time="1.806" errors="0">
  <testcase name="links_name" time="1.806" classname="HMS_Webtable.Print_All_Links"/>
</testsuite> <!-- HMS_Webtable.Print_All_Links -->
