<?xml version="1.0" encoding="UTF-8"?>
<!-- Generated by org.testng.reporters.JUnitReportReporter -->
<testsuite skipped="0" hostname="DESKTOP-MJI0P0T" name="Basics.Get_Html_Sourcecode" tests="1" failures="0" timestamp="16 Aug 2017 18:09:11 GMT" time="0.239" errors="0">
  <testcase name="f" time="0.239" classname="Basics.Get_Html_Sourcecode"/>
</testsuite> <!-- Basics.Get_Html_Sourcecode -->
