<?xml version="1.0" encoding="UTF-8"?>
<!-- Generated by org.testng.reporters.JUnitReportReporter -->
<testsuite skipped="0" hostname="DESKTOP-MJI0P0T" name="mousehover.Autoit" tests="1" failures="0" timestamp="22 Jan 2018 19:45:39 GMT" time="13.893" errors="0">
  <testcase name="testautoit" time="13.893" classname="mousehover.Autoit"/>
</testsuite> <!-- mousehover.Autoit -->
