<?xml version="1.0" encoding="UTF-8"?>
<!-- Generated by org.testng.reporters.JUnitReportReporter -->
<testsuite skipped="0" hostname="DESKTOP-MJI0P0T" name="HMS_Webtable.Pr_All_DisplayNames" tests="1" failures="0" timestamp="27 Sep 2017 18:09:51 GMT" time="0.200" errors="0">
  <testcase name="printall" time="0.200" classname="HMS_Webtable.Pr_All_DisplayNames"/>
</testsuite> <!-- HMS_Webtable.Pr_All_DisplayNames -->
