<?xml version="1.0" encoding="UTF-8"?>
<!-- Generated by org.testng.reporters.JUnitReportReporter -->
<testsuite skipped="0" hostname="DESKTOP-MJI0P0T" name="interviewquestion.Hms_popup" tests="1" failures="0" timestamp="07 Dec 2017 06:21:57 GMT" time="0.031" errors="0">
  <testcase name="f" time="0.031" classname="interviewquestion.Hms_popup"/>
</testsuite> <!-- interviewquestion.Hms_popup -->
