<?xml version="1.0" encoding="UTF-8"?>
<!-- Generated by org.testng.reporters.JUnitReportReporter -->
<testsuite skipped="0" hostname="DESKTOP-MJI0P0T" name="Erp.ERP_Login" tests="1" failures="0" timestamp="30 Sep 2017 19:01:12 GMT" time="7.860" errors="0">
  <testcase name="f" time="7.860" classname="Erp.ERP_Login"/>
</testsuite> <!-- Erp.ERP_Login -->
