<?xml version="1.0" encoding="UTF-8"?>
<!-- Generated by org.testng.reporters.JUnitReportReporter -->
<testsuite skipped="0" hostname="DESKTOP-MJI0P0T" name="Testreports.Readdata_XLSX" tests="1" failures="0" timestamp="27 Jan 2018 17:05:01 GMT" time="0.893" errors="0">
  <testcase name="f" time="0.893" classname="Testreports.Readdata_XLSX"/>
</testsuite> <!-- Testreports.Readdata_XLSX -->
