<?xml version="1.0" encoding="UTF-8"?>
<!-- Generated by org.testng.reporters.JUnitReportReporter -->
<testsuite skipped="0" hostname="DESKTOP-MJI0P0T" name="ioStreams_Files.HTML_FileCreation" tests="1" failures="0" timestamp="02 Oct 2017 18:33:31 GMT" time="0.015" errors="0">
  <testcase name="f" time="0.015" classname="ioStreams_Files.HTML_FileCreation"/>
</testsuite> <!-- ioStreams_Files.HTML_FileCreation -->
