<?xml version="1.0" encoding="UTF-8"?>
<!-- Generated by org.testng.reporters.JUnitReportReporter -->
<testsuite skipped="0" hostname="DESKTOP-MJI0P0T" name="HMS_Webtable.Spicejet_Links" tests="1" failures="0" timestamp="27 Sep 2017 17:57:55 GMT" time="0.249" errors="0">
  <testcase name="link_prints" time="0.249" classname="HMS_Webtable.Spicejet_Links"/>
</testsuite> <!-- HMS_Webtable.Spicejet_Links -->
