<?xml version="1.0" encoding="UTF-8"?>
<!-- Generated by org.testng.reporters.JUnitReportReporter -->
<testsuite skipped="0" hostname="DESKTOP-MJI0P0T" name="customreport.VerifySeleniumTitle" tests="1" failures="0" timestamp="13 Mar 2018 19:00:07 GMT" time="71.939" errors="0">
  <testcase name="verifyTitle" time="71.939" classname="customreport.VerifySeleniumTitle"/>
</testsuite> <!-- customreport.VerifySeleniumTitle -->
