<?xml version="1.0" encoding="UTF-8"?>
<!-- Generated by org.testng.reporters.JUnitReportReporter -->
<testsuite skipped="0" hostname="DESKTOP-MJI0P0T" name="test_Spicejet.PrintAllLinks_New" tests="1" failures="0" timestamp="28 Jul 2017 18:14:08 GMT" time="0.197" errors="0">
  <testcase name="f" time="0.197" classname="test_Spicejet.PrintAllLinks_New"/>
</testsuite> <!-- test_Spicejet.PrintAllLinks_New -->
